2019-01-29 23:19:40,158 - ERROR - app.py - log_exception - 1761 - Exception on / [GET]
Traceback (most recent call last):
  File "/Users/mfw/anaconda3/envs/mfwpro/lib/python3.6/site-packages/flask/app.py", line 2292, in wsgi_app
    response = self.full_dispatch_request()
  File "/Users/mfw/anaconda3/envs/mfwpro/lib/python3.6/site-packages/flask/app.py", line 1815, in full_dispatch_request
    rv = self.handle_user_exception(e)
  File "/Users/mfw/anaconda3/envs/mfwpro/lib/python3.6/site-packages/flask_cors/extension.py", line 161, in wrapped_function
    return cors_after_request(app.make_response(f(*args, **kwargs)))
  File "/Users/mfw/anaconda3/envs/mfwpro/lib/python3.6/site-packages/flask/app.py", line 1718, in handle_user_exception
    reraise(exc_type, exc_value, tb)
  File "/Users/mfw/anaconda3/envs/mfwpro/lib/python3.6/site-packages/flask/_compat.py", line 35, in reraise
    raise value
  File "/Users/mfw/anaconda3/envs/mfwpro/lib/python3.6/site-packages/flask/app.py", line 1813, in full_dispatch_request
    rv = self.dispatch_request()
  File "/Users/mfw/anaconda3/envs/mfwpro/lib/python3.6/site-packages/flask/app.py", line 1799, in dispatch_request
    return self.view_functions[rule.endpoint](**req.view_args)
  File "/Users/mfw/py_workspace/back_end/app.py", line 50, in indext
    return render_template('a.html')
  File "/Users/mfw/anaconda3/envs/mfwpro/lib/python3.6/site-packages/flask/templating.py", line 134, in render_template
    return _render(ctx.app.jinja_env.get_or_select_template(template_name_or_list),
  File "/Users/mfw/anaconda3/envs/mfwpro/lib/python3.6/site-packages/jinja2/environment.py", line 869, in get_or_select_template
    return self.get_template(template_name_or_list, parent, globals)
  File "/Users/mfw/anaconda3/envs/mfwpro/lib/python3.6/site-packages/jinja2/environment.py", line 830, in get_template
    return self._load_template(name, self.make_globals(globals))
  File "/Users/mfw/anaconda3/envs/mfwpro/lib/python3.6/site-packages/jinja2/environment.py", line 804, in _load_template
    template = self.loader.load(self, name, globals)
  File "/Users/mfw/anaconda3/envs/mfwpro/lib/python3.6/site-packages/jinja2/loaders.py", line 113, in load
    source, filename, uptodate = self.get_source(environment, name)
  File "/Users/mfw/anaconda3/envs/mfwpro/lib/python3.6/site-packages/flask/templating.py", line 58, in get_source
    return self._get_source_fast(environment, template)
  File "/Users/mfw/anaconda3/envs/mfwpro/lib/python3.6/site-packages/flask/templating.py", line 86, in _get_source_fast
    raise TemplateNotFound(template)
jinja2.exceptions.TemplateNotFound: a.html
2019-01-30 09:46:53,538 - ERROR - app.py - option - 332 - error:a bytes-like object is required, not 'NoneType'
2019-01-30 09:47:30,935 - ERROR - app.py - option - 332 - error:a bytes-like object is required, not 'NoneType'
2019-01-30 09:48:27,382 - ERROR - app.py - option - 332 - error:a bytes-like object is required, not 'NoneType'
2019-01-30 09:51:35,406 - INFO - app.py - user_login - 90 - 123登录成功
2019-01-30 09:51:36,004 - INFO - app.py - get_index - 492 - 主页游记还有头图
2019-01-30 09:51:36,311 - INFO - app.py - get_index - 492 - 主页游记还有头图
2019-01-30 09:51:44,732 - INFO - app.py - option - 306 - 123用户个人信息首页查询
2019-01-30 09:59:14,707 - INFO - app.py - user_login - 90 - 123登录成功
2019-01-30 09:59:15,161 - INFO - app.py - get_index - 494 - 主页游记还有头图
2019-01-30 09:59:15,538 - INFO - app.py - get_index - 494 - 主页游记还有头图
2019-01-30 09:59:25,164 - INFO - app.py - option - 308 - 123用户个人信息首页查询
2019-01-30 10:00:06,391 - INFO - app.py - option - 308 - 123用户个人信息首页查询
2019-01-30 10:00:09,761 - INFO - app.py - option - 308 - 123用户个人信息首页查询
2019-01-30 10:00:22,842 - INFO - app.py - user_login - 90 - 123登录成功
2019-01-30 10:00:23,824 - INFO - app.py - get_index - 494 - 主页游记还有头图
2019-01-30 10:00:24,299 - INFO - app.py - get_index - 494 - 主页游记还有头图
2019-01-30 10:00:33,389 - INFO - app.py - option - 308 - 123用户个人信息首页查询
2019-01-30 10:02:40,437 - INFO - app.py - option - 330 - 123用户修改个人信息
2019-01-30 10:02:40,514 - INFO - app.py - option - 308 - 123用户个人信息首页查询
2019-01-30 10:10:14,812 - INFO - app.py - option - 308 - 123用户个人信息首页查询
2019-01-30 10:18:27,605 - INFO - app.py - option - 308 - 123用户个人信息首页查询
2019-01-30 10:19:12,302 - INFO - app.py - option - 308 - 123用户个人信息首页查询
2019-01-30 10:20:25,661 - INFO - app.py - option - 308 - 123用户个人信息首页查询
2019-01-30 10:21:44,556 - INFO - app.py - option - 308 - 123用户个人信息首页查询
2019-01-30 10:22:01,072 - INFO - app.py - option - 330 - 123用户修改个人信息
2019-01-30 10:22:01,253 - INFO - app.py - option - 330 - 123用户修改个人信息
2019-01-30 10:22:01,318 - INFO - app.py - option - 308 - 123用户个人信息首页查询
2019-01-30 10:24:21,012 - INFO - app.py - user_login - 90 - 123登录成功
2019-01-30 10:24:21,634 - INFO - app.py - get_index - 493 - 主页游记还有头图
2019-01-30 10:24:22,160 - INFO - app.py - get_index - 493 - 主页游记还有头图
2019-01-30 10:24:30,582 - INFO - app.py - option - 308 - 123用户个人信息首页查询
2019-01-30 10:25:10,276 - INFO - app.py - option - 308 - 123用户个人信息首页查询
2019-01-30 10:25:11,523 - INFO - app.py - option - 308 - 123用户个人信息首页查询
2019-01-30 10:25:55,204 - INFO - app.py - option - 329 - 123用户修改个人信息
2019-01-30 10:25:55,270 - INFO - app.py - option - 308 - 123用户个人信息首页查询
2019-01-30 10:27:06,906 - INFO - app.py - option - 308 - 123用户个人信息首页查询
2019-01-30 10:27:07,955 - INFO - app.py - option - 308 - 123用户个人信息首页查询
2019-01-30 10:28:42,604 - INFO - app.py - option - 308 - 123用户个人信息首页查询
2019-01-30 10:28:57,524 - INFO - app.py - option - 308 - 123用户个人信息首页查询
2019-01-30 10:28:58,773 - INFO - app.py - option - 308 - 123用户个人信息首页查询
2019-01-30 10:29:20,959 - INFO - app.py - option - 329 - 123用户修改个人信息
2019-01-30 10:29:21,013 - INFO - app.py - option - 308 - 123用户个人信息首页查询
2019-01-30 10:41:17,724 - INFO - app.py - user_login - 90 - 123登录成功
2019-01-30 10:41:18,350 - INFO - app.py - get_index - 493 - 主页游记还有头图
2019-01-30 10:41:19,014 - INFO - app.py - get_index - 493 - 主页游记还有头图
2019-01-30 10:42:54,909 - INFO - app.py - option - 308 - 123用户个人信息首页查询
2019-01-30 10:44:25,970 - INFO - app.py - option - 308 - 123用户个人信息首页查询
2019-01-30 11:23:43,345 - INFO - app.py - user_login - 91 - 123登录成功
2019-01-30 11:23:43,787 - INFO - app.py - get_index - 494 - 主页游记还有头图
2019-01-30 11:23:44,110 - INFO - app.py - get_index - 494 - 主页游记还有头图
2019-01-30 11:24:19,983 - INFO - app.py - user_login - 91 - 123登录成功
2019-01-30 11:24:20,618 - INFO - app.py - get_index - 494 - 主页游记还有头图
2019-01-30 11:24:20,983 - INFO - app.py - get_index - 494 - 主页游记还有头图
2019-01-30 11:24:26,806 - INFO - app.py - option - 309 - 123用户个人信息首页查询
2019-01-30 11:26:15,630 - INFO - app.py - option - 309 - 123用户个人信息首页查询
2019-01-30 11:30:55,589 - INFO - app.py - option - 309 - 123用户个人信息首页查询
2019-01-30 11:37:25,388 - INFO - app.py - user_login - 91 - 123登录成功
2019-01-30 11:37:25,786 - INFO - app.py - get_index - 476 - 主页游记还有头图
2019-01-30 11:37:26,163 - INFO - app.py - get_index - 476 - 主页游记还有头图
2019-01-30 11:37:42,510 - INFO - app.py - option - 309 - 123用户个人信息首页查询
2019-01-30 11:39:48,842 - INFO - app.py - option - 309 - 123用户个人信息首页查询
2019-01-30 11:42:31,880 - INFO - app.py - option - 309 - 123用户个人信息首页查询
2019-01-30 11:49:12,540 - INFO - app.py - option - 309 - 123用户个人信息首页查询
2019-01-30 11:49:53,390 - INFO - app.py - option - 309 - 123用户个人信息首页查询
2019-01-30 13:34:35,040 - INFO - app.py - user_login - 91 - 123登录成功
2019-01-30 13:34:35,040 - INFO - app.py - user_login - 91 - 123登录成功
2019-01-30 13:34:35,040 - INFO - app.py - user_login - 91 - 123登录成功
2019-01-30 13:34:35,040 - INFO - app.py - user_login - 91 - 123登录成功
2019-01-30 13:34:35,040 - INFO - app.py - user_login - 91 - 123登录成功
2019-01-30 13:34:35,040 - INFO - app.py - user_login - 91 - 123登录成功
2019-01-30 13:34:35,040 - INFO - app.py - user_login - 91 - 123登录成功
2019-01-30 13:40:51,105 - INFO - app.py - user_login - 91 - 123登录成功
2019-01-30 13:41:06,261 - INFO - app.py - option - 330 - 123用户修改个人信息
2019-01-30 13:41:15,177 - INFO - app.py - option - 309 - 123用户个人信息首页查询
2019-01-30 13:45:52,331 - INFO - app.py - user_login - 92 - 123登录成功
2019-01-30 13:46:02,786 - INFO - app.py - option - 310 - 123用户个人信息首页查询
2019-01-30 13:48:47,035 - INFO - app.py - option - 310 - 123用户个人信息首页查询
2019-01-30 13:49:40,240 - INFO - app.py - option - 331 - 123用户修改个人信息
2019-01-30 13:49:55,024 - INFO - app.py - option - 310 - 123用户个人信息首页查询
2019-01-30 13:55:47,997 - INFO - app.py - option - 310 - 123用户个人信息首页查询
2019-01-30 13:57:48,947 - INFO - app.py - user_login - 91 - 123登录成功
2019-01-30 13:57:49,324 - INFO - app.py - get_index - 476 - 主页游记还有头图
2019-01-30 13:57:49,669 - INFO - app.py - get_index - 476 - 主页游记还有头图
2019-01-30 13:58:56,303 - INFO - app.py - option - 309 - 123用户个人信息首页查询
2019-01-30 13:59:03,347 - INFO - app.py - option - 309 - 123用户个人信息首页查询
2019-01-30 13:59:19,955 - INFO - app.py - user_img - 360 - 123用户查询个人头像
2019-01-30 14:02:17,827 - INFO - app.py - user_login - 91 - 123登录成功
2019-01-30 14:02:22,807 - INFO - app.py - option - 309 - 123用户个人信息首页查询
2019-01-30 14:03:18,558 - INFO - app.py - user_img - 360 - 123用户查询个人头像
2019-01-30 14:03:20,207 - INFO - app.py - user_img - 360 - 123用户查询个人头像
2019-01-30 14:03:26,097 - INFO - app.py - user_img - 360 - 123用户查询个人头像
2019-01-30 14:03:33,420 - INFO - app.py - user_img - 360 - 123用户查询个人头像
2019-01-30 14:07:23,697 - INFO - app.py - user_login - 91 - 123登录成功
2019-01-30 14:07:24,413 - INFO - app.py - get_index - 477 - 主页游记还有头图
2019-01-30 14:07:25,005 - INFO - app.py - get_index - 477 - 主页游记还有头图
2019-01-30 14:07:30,319 - INFO - app.py - option - 309 - 123用户个人信息首页查询
2019-01-30 14:07:39,189 - INFO - app.py - user_img - 360 - 123用户查询个人头像
2019-01-30 14:08:29,125 - INFO - app.py - option - 309 - 123用户个人信息首页查询
2019-01-30 14:15:08,581 - INFO - app.py - option - 309 - 123用户个人信息首页查询
2019-01-30 14:15:22,691 - INFO - app.py - user_img - 360 - 123用户查询个人头像
2019-01-30 14:15:22,699 - INFO - app.py - user_img - 360 - 123用户查询个人头像
2019-01-30 14:16:18,325 - INFO - app.py - option - 309 - 123用户个人信息首页查询
2019-01-30 14:16:27,319 - INFO - app.py - user_img - 360 - 123用户查询个人头像
2019-01-30 14:18:33,001 - INFO - app.py - user_img - 360 - 123用户查询个人头像
2019-01-30 14:18:47,614 - INFO - app.py - user_img - 360 - 123用户查询个人头像
2019-01-30 14:18:53,698 - INFO - app.py - user_img - 360 - 123用户查询个人头像
2019-01-30 14:18:53,701 - INFO - app.py - user_img - 360 - 123用户查询个人头像
2019-01-30 14:18:53,866 - INFO - app.py - option - 309 - 123用户个人信息首页查询
2019-01-30 14:19:02,169 - INFO - app.py - user_img - 360 - 123用户查询个人头像
2019-01-30 14:22:20,647 - INFO - app.py - option - 309 - 123用户个人信息首页查询
2019-01-30 14:22:27,835 - INFO - app.py - option - 309 - 123用户个人信息首页查询
2019-01-30 14:22:30,748 - INFO - app.py - user_img - 360 - 123用户查询个人头像
2019-01-30 14:22:37,853 - INFO - app.py - user_img - 360 - 123用户查询个人头像
2019-01-30 14:23:07,878 - INFO - app.py - user_img - 360 - 123用户查询个人头像
2019-01-30 14:23:09,566 - INFO - app.py - user_img - 360 - 123用户查询个人头像
2019-01-30 14:28:22,570 - INFO - app.py - option - 309 - 123用户个人信息首页查询
2019-01-30 14:28:47,429 - INFO - app.py - user_img - 360 - 123用户查询个人头像
2019-01-30 14:45:02,663 - INFO - app.py - user_login - 91 - 123登录成功
2019-01-30 14:45:53,195 - ERROR - app.py - user_img - 378 - error400 Bad Request: The browser (or proxy) sent a request that this server could not understand.
2019-01-30 14:47:36,992 - ERROR - app.py - user_img - 378 - error400 Bad Request: The browser (or proxy) sent a request that this server could not understand.
2019-01-30 14:51:23,466 - ERROR - app.py - user_img - 378 - error[Errno 2] No such file or directory: 'uploads/123jpeg'
2019-01-30 14:51:45,040 - INFO - app.py - user_login - 91 - 123登录成功
2019-01-30 14:52:13,235 - INFO - app.py - user_img - 371 - 123用户上传头像失败，不支持jpeg格式
2019-01-30 14:52:21,337 - INFO - app.py - user_login - 91 - 123登录成功
2019-01-30 14:53:36,190 - ERROR - app.py - user_img - 378 - error[Errno 2] No such file or directory: 'uploads/123.jpeg'
2019-01-30 14:53:45,388 - INFO - app.py - user_login - 91 - 123登录成功
2019-01-30 14:54:19,724 - INFO - app.py - user_img - 375 - 123用户头像上传成功
2019-01-30 14:55:41,096 - INFO - app.py - user_login - 91 - 123登录成功
2019-01-30 14:56:06,796 - INFO - app.py - user_img - 360 - 123用户查询个人头像
2019-01-30 14:57:40,710 - INFO - app.py - user_login - 91 - 123登录成功
2019-01-30 14:57:41,153 - INFO - app.py - get_index - 477 - 主页游记还有头图
2019-01-30 14:57:41,516 - INFO - app.py - get_index - 477 - 主页游记还有头图
2019-01-30 14:57:50,780 - INFO - app.py - option - 309 - 123用户个人信息首页查询
2019-01-30 14:57:59,482 - INFO - app.py - user_img - 360 - 123用户查询个人头像
2019-01-30 15:01:52,174 - INFO - app.py - option - 309 - 123用户个人信息首页查询
2019-01-30 15:02:13,358 - INFO - app.py - user_img - 360 - 123用户查询个人头像
2019-01-30 15:13:01,654 - INFO - app.py - user_login - 91 - 123登录成功
2019-01-30 15:13:02,503 - INFO - app.py - get_index - 502 - 主页游记还有头图
2019-01-30 15:13:03,033 - INFO - app.py - get_index - 502 - 主页游记还有头图
2019-01-30 15:13:11,283 - INFO - app.py - option - 309 - 123用户个人信息首页查询
2019-01-30 15:13:24,233 - INFO - app.py - user_img - 385 - 123用户查询个人头像
2019-01-30 15:15:04,856 - INFO - app.py - option - 309 - 123用户个人信息首页查询
2019-01-30 15:15:09,728 - INFO - app.py - user_img - 385 - 123用户查询个人头像
2019-01-30 15:18:56,416 - INFO - app.py - user_img - 385 - 123用户查询个人头像
2019-01-30 15:19:02,796 - INFO - app.py - option - 309 - 123用户个人信息首页查询
2019-01-30 15:19:04,404 - INFO - app.py - user_img - 385 - 123用户查询个人头像
2019-01-30 15:20:21,156 - INFO - app.py - img_up - 355 - 123用户头像上传成功
2019-01-30 15:22:16,001 - INFO - app.py - option - 309 - 123用户个人信息首页查询
2019-01-30 15:22:18,047 - INFO - app.py - user_img - 385 - 123用户查询个人头像
2019-01-30 15:22:20,472 - INFO - app.py - option - 309 - 123用户个人信息首页查询
2019-01-30 15:22:21,623 - INFO - app.py - user_img - 385 - 123用户查询个人头像
2019-01-30 16:36:11,679 - INFO - app.py - user_login - 91 - 123登录成功
2019-01-30 16:36:12,146 - INFO - app.py - get_index - 537 - 主页游记还有头图
2019-01-30 16:36:12,507 - INFO - app.py - get_index - 537 - 主页游记还有头图
2019-01-30 16:36:24,458 - INFO - app.py - option - 337 - 123用户个人信息首页查询
2019-01-30 16:39:49,381 - INFO - app.py - user_login - 91 - 123登录成功
2019-01-30 16:39:50,238 - INFO - app.py - get_index - 547 - 主页游记还有头图
2019-01-30 16:39:50,805 - INFO - app.py - get_index - 547 - 主页游记还有头图
2019-01-30 16:39:59,243 - INFO - app.py - option - 337 - 123用户个人信息首页查询
2019-01-30 16:40:02,410 - INFO - app.py - user_safe - 483 - 123查询用户的安全信息
2019-01-30 16:40:43,236 - INFO - app.py - user_login - 91 - 123登录成功
2019-01-30 16:40:43,761 - INFO - app.py - get_index - 547 - 主页游记还有头图
2019-01-30 16:40:44,066 - INFO - app.py - get_index - 547 - 主页游记还有头图
2019-01-30 16:41:40,362 - INFO - app.py - account_verification - 258 - 798218157@qq.com用户名可以使用
2019-01-30 16:41:56,201 - INFO - app.py - to_user_send_mail - 132 - 邮件发送成功
2019-01-30 16:42:25,440 - INFO - app.py - to_user_send_mail - 132 - 邮件发送成功
2019-01-30 16:45:10,133 - INFO - app.py - account_verification - 258 - 798218157@qq.com用户名可以使用
2019-01-30 16:45:16,647 - INFO - app.py - to_user_send_mail - 132 - 邮件发送成功
2019-01-30 16:45:31,530 - INFO - app.py - user_register - 209 - 798218157@qq.com注册成功
2019-01-30 16:45:44,005 - INFO - app.py - user_login - 91 - 798218157@qq.com登录成功
2019-01-30 16:45:44,285 - INFO - app.py - get_index - 547 - 主页游记还有头图
2019-01-30 16:45:44,656 - INFO - app.py - get_index - 547 - 主页游记还有头图
2019-01-30 17:03:01,236 - INFO - app.py - account_verification - 266 - 798218157@qq.com用户名可以使用
2019-01-30 17:03:09,334 - INFO - app.py - to_user_send_mail - 140 - 邮件发送成功
2019-01-30 17:05:18,832 - ERROR - app.py - option - 387 - error:a bytes-like object is required, not 'NoneType'
2019-01-30 17:10:12,048 - INFO - app.py - account_verification - 266 - 798218157@qq.com用户名可以使用
2019-01-30 17:10:17,454 - INFO - app.py - to_user_send_mail - 140 - 邮件发送成功
2019-01-30 17:10:42,843 - INFO - app.py - user_register - 217 - 798218157@qq.com注册成功
2019-01-30 17:12:23,198 - INFO - app.py - user_login - 99 - 798218157@qq.com登录成功
2019-01-30 17:12:23,533 - INFO - app.py - get_index - 556 - 主页游记还有头图
2019-01-30 17:12:24,006 - INFO - app.py - get_index - 556 - 主页游记还有头图
2019-01-30 17:13:36,900 - INFO - app.py - option - 346 - 798218157@qq.com用户个人信息首页查询
2019-01-30 17:13:44,875 - INFO - app.py - user_safe - 492 - 798218157@qq.com查询用户的安全信息
2019-01-30 17:18:39,326 - INFO - app.py - user_safe - 492 - 798218157@qq.com查询用户的安全信息
2019-01-30 17:18:43,697 - INFO - app.py - user_safe - 492 - 798218157@qq.com查询用户的安全信息
2019-01-30 17:18:47,641 - INFO - app.py - user_safe - 492 - 798218157@qq.com查询用户的安全信息
2019-01-30 17:22:49,493 - INFO - app.py - option - 346 - 798218157@qq.com用户个人信息首页查询
2019-01-30 17:22:51,544 - INFO - app.py - user_safe - 492 - 798218157@qq.com查询用户的安全信息
2019-01-30 17:23:42,295 - INFO - app.py - user_safe - 492 - 798218157@qq.com查询用户的安全信息
2019-01-30 17:32:32,622 - INFO - app.py - option - 346 - 798218157@qq.com用户个人信息首页查询
2019-01-30 17:32:38,537 - INFO - app.py - user_safe - 492 - 798218157@qq.com查询用户的安全信息
2019-01-30 17:35:25,110 - INFO - app.py - option - 346 - 798218157@qq.com用户个人信息首页查询
2019-01-30 17:35:25,171 - INFO - app.py - option - 346 - 798218157@qq.com用户个人信息首页查询
2019-01-30 17:36:27,347 - INFO - app.py - user_safe - 492 - 798218157@qq.com查询用户的安全信息
2019-01-30 17:36:31,053 - INFO - app.py - to_user_send_reset_mail - 173 - 邮件发送成功
2019-01-30 17:39:31,968 - INFO - app.py - user_safe - 492 - 798218157@qq.com查询用户的安全信息
2019-01-30 18:16:50,448 - INFO - app.py - user_login - 99 - 798218157@qq.com登录成功
2019-01-30 18:16:50,878 - INFO - app.py - get_index - 556 - 主页游记还有头图
2019-01-30 18:16:51,212 - INFO - app.py - get_index - 556 - 主页游记还有头图
2019-01-30 18:17:58,745 - INFO - app.py - user_login - 99 - 798218157@qq.com登录成功
2019-01-30 18:18:00,042 - INFO - app.py - get_index - 556 - 主页游记还有头图
2019-01-30 18:18:00,386 - INFO - app.py - get_index - 556 - 主页游记还有头图
2019-01-30 18:18:06,229 - INFO - app.py - option - 346 - 798218157@qq.com用户个人信息首页查询
2019-01-30 18:18:09,618 - INFO - app.py - user_safe - 492 - 798218157@qq.com查询用户的安全信息
2019-01-30 18:18:13,505 - INFO - app.py - to_user_send_reset_mail - 173 - 邮件发送成功
2019-01-30 18:19:27,850 - INFO - app.py - get_index - 556 - 主页游记还有头图
2019-01-30 18:19:28,133 - INFO - app.py - get_index - 556 - 主页游记还有头图
2019-01-30 18:23:41,945 - INFO - app.py - option - 346 - 798218157@qq.com用户个人信息首页查询
2019-01-30 18:33:50,838 - INFO - app.py - option - 346 - 798218157@qq.com用户个人信息首页查询
2019-01-30 18:33:54,811 - INFO - app.py - user_safe - 492 - 798218157@qq.com查询用户的安全信息
2019-01-30 18:33:58,138 - INFO - app.py - to_user_send_reset_mail - 173 - 邮件发送成功
2019-01-30 18:36:52,618 - INFO - app.py - option - 346 - 798218157@qq.com用户个人信息首页查询
2019-01-30 18:36:56,549 - INFO - app.py - user_safe - 492 - 798218157@qq.com查询用户的安全信息
2019-01-30 18:39:26,886 - INFO - app.py - option - 346 - 798218157@qq.com用户个人信息首页查询
2019-01-30 18:39:31,861 - INFO - app.py - user_safe - 492 - 798218157@qq.com查询用户的安全信息
2019-01-30 18:40:54,716 - INFO - app.py - option - 346 - 798218157@qq.com用户个人信息首页查询
2019-01-30 18:52:23,171 - INFO - app.py - user_login - 99 - 798218157@qq.com登录成功
2019-01-30 18:52:23,733 - INFO - app.py - get_index - 556 - 主页游记还有头图
2019-01-30 18:52:24,143 - INFO - app.py - get_index - 556 - 主页游记还有头图
2019-01-30 18:54:19,801 - INFO - app.py - get_index - 556 - 主页游记还有头图
2019-01-30 18:54:20,129 - INFO - app.py - get_index - 556 - 主页游记还有头图
2019-01-30 18:54:37,468 - INFO - app.py - user_login - 99 - 798218157@qq.com登录成功
2019-01-30 18:54:37,773 - INFO - app.py - get_index - 556 - 主页游记还有头图
2019-01-30 18:54:38,106 - INFO - app.py - get_index - 556 - 主页游记还有头图
2019-01-30 18:56:44,471 - INFO - app.py - option - 346 - 798218157@qq.com用户个人信息首页查询
2019-01-30 18:56:49,893 - INFO - app.py - user_safe - 492 - 798218157@qq.com查询用户的安全信息
2019-01-30 18:56:53,325 - INFO - app.py - to_user_send_reset_mail - 173 - 邮件发送成功
2019-01-30 18:59:45,326 - INFO - app.py - get_index - 556 - 主页游记还有头图
2019-01-30 18:59:45,649 - INFO - app.py - get_index - 556 - 主页游记还有头图
2019-02-09 14:47:18,306 - ERROR - app.py - get_index - 582 - error:name 'get_head_show_image' is not defined
2019-02-09 15:00:51,868 - ERROR - app.py - get_index - 582 - error:name 'get_head_show_image' is not defined
2019-02-09 15:20:08,802 - ERROR - app.py - get_index - 582 - error:name 'get_head_show_image' is not defined
2019-02-09 15:32:27,067 - INFO - app.py - get_index - 577 - 主页游记还有头图
2019-02-09 15:32:27,084 - INFO - app.py - get_index - 577 - 主页游记还有头图
2019-02-09 17:16:07,242 - ERROR - app.py - get_youji - 639 - error:cannot unpack non-iterable NoneType object
2019-02-09 23:40:11,905 - INFO - app.py - get_youji - 637 - 游记内容抓取
2019-02-10 10:49:42,724 - ERROR - app.py - get_youji - 638 - error:add_youji() missing 2 required positional arguments: 'content_text' and 'content_detail'
2019-02-10 10:50:08,280 - INFO - app.py - get_youji - 633 - 游记内容抓取
2019-02-10 10:52:44,231 - INFO - app.py - get_youji - 633 - 游记内容抓取
2019-02-10 10:52:44,528 - INFO - app.py - get_youji - 633 - 游记内容抓取
2019-02-10 10:54:35,805 - INFO - app.py - get_youji - 633 - 游记内容抓取
2019-02-10 10:54:36,439 - INFO - app.py - get_youji - 633 - 游记内容抓取
2019-02-10 10:55:31,928 - INFO - app.py - get_youji - 633 - 游记内容抓取
2019-02-10 10:57:53,073 - INFO - app.py - get_youji - 633 - 游记内容抓取
2019-02-10 11:02:57,715 - INFO - app.py - get_youji - 633 - 游记内容抓取
2019-02-10 11:06:38,759 - INFO - app.py - get_youji - 633 - 游记内容抓取
2019-02-10 11:07:04,890 - INFO - app.py - get_youji - 633 - 游记内容抓取
2019-02-10 11:28:16,762 - INFO - app.py - get_youji - 646 - 游记内容抓取
2019-02-11 22:02:01,848 - INFO - app.py - daka - 579 - None打卡成功
2019-02-15 22:04:12,477 - INFO - app.py - get_youji - 686 - 游记内容抓取
2019-02-15 22:04:52,074 - INFO - app.py - get_youji - 686 - 游记内容抓取
2019-02-16 16:14:57,076 - INFO - app.py - get_index - 630 - 主页游记还有头图
2019-02-16 16:14:57,965 - INFO - app.py - get_index - 630 - 主页游记还有头图
2019-02-16 16:15:22,426 - INFO - app.py - account_verification - 313 - 798218157@qq.com用户名可以使用
2019-02-16 16:15:29,945 - ERROR - app.py - to_user_send_mail - 186 - error:Error 10061 connecting to 127.0.0.1:6379. 由于目标计算机积极拒绝，无法连接。.
2019-02-16 16:15:47,417 - ERROR - app.py - user_register - 267 - errorError 10061 connecting to 127.0.0.1:6379. 由于目标计算机积极拒绝，无法连接。.
2019-02-16 16:20:16,272 - INFO - app.py - to_user_send_mail - 183 - 邮件发送成功
2019-02-16 16:20:34,861 - INFO - app.py - to_user_send_mail - 183 - 邮件发送成功
2019-02-16 16:20:57,629 - INFO - app.py - to_user_send_mail - 183 - 邮件发送成功
2019-02-16 16:21:13,851 - INFO - app.py - account_verification - 313 - 798218157@qq.com用户名可以使用
2019-02-16 16:22:29,781 - INFO - app.py - account_verification - 313 - 798218157@qq.com用户名可以使用
2019-02-16 16:22:38,024 - INFO - app.py - to_user_send_mail - 183 - 邮件发送成功
2019-02-16 16:25:18,697 - INFO - app.py - get_index - 630 - 主页游记还有头图
2019-02-16 16:25:19,046 - INFO - app.py - get_index - 630 - 主页游记还有头图
2019-02-16 16:29:13,613 - INFO - app.py - get_index - 630 - 主页游记还有头图
2019-02-16 16:29:14,040 - INFO - app.py - get_index - 630 - 主页游记还有头图
2019-02-16 16:30:47,344 - INFO - app.py - user_quit - 127 - 798218157@qq.com退出了
2019-02-16 16:32:01,747 - INFO - app.py - get_index - 630 - 主页游记还有头图
2019-02-16 16:32:02,099 - INFO - app.py - get_index - 630 - 主页游记还有头图
2019-02-16 16:33:52,829 - INFO - app.py - get_index - 630 - 主页游记还有头图
2019-02-16 16:33:53,300 - INFO - app.py - get_index - 630 - 主页游记还有头图
2019-02-16 16:34:42,569 - INFO - app.py - get_index - 630 - 主页游记还有头图
2019-02-16 16:34:42,913 - INFO - app.py - get_index - 630 - 主页游记还有头图
2019-02-16 16:34:49,314 - INFO - app.py - account_verification - 313 - pu971954596@qq.com用户名可以使用
2019-02-16 16:34:58,047 - INFO - app.py - to_user_send_mail - 183 - 邮件发送成功
2019-02-16 16:36:45,829 - INFO - app.py - account_verification - 313 - pu971954596@qq.com用户名可以使用
2019-02-16 16:37:28,437 - INFO - app.py - get_index - 630 - 主页游记还有头图
2019-02-16 16:37:28,870 - INFO - app.py - get_index - 630 - 主页游记还有头图
2019-02-16 16:37:56,805 - INFO - app.py - get_index - 630 - 主页游记还有头图
2019-02-16 16:37:57,275 - INFO - app.py - get_index - 630 - 主页游记还有头图
2019-02-16 16:40:02,472 - INFO - app.py - account_verification - 313 - pu971954596@qq.com用户名可以使用
2019-02-16 16:40:08,880 - INFO - app.py - to_user_send_mail - 183 - 邮件发送成功
2019-02-16 16:40:18,784 - INFO - app.py - user_register - 264 - pu971954596@qq.com注册成功
2019-02-16 16:49:57,743 - INFO - app.py - user_login - 103 - pu971954596@qq.com登录成功
2019-02-16 16:49:58,286 - INFO - app.py - get_index - 630 - 主页游记还有头图
2019-02-16 16:49:58,707 - INFO - app.py - get_index - 630 - 主页游记还有头图
2019-02-16 16:52:05,151 - INFO - app.py - user_quit - 127 - pu971954596@qq.com退出了
2019-02-16 16:52:05,527 - INFO - app.py - get_index - 630 - 主页游记还有头图
2019-02-16 16:52:05,872 - INFO - app.py - get_index - 630 - 主页游记还有头图
2019-02-16 16:52:16,844 - INFO - app.py - get_gong_lve - 795 - 攻略页面的抓取
2019-02-16 16:52:17,788 - INFO - app.py - get_index - 630 - 主页游记还有头图
2019-02-16 16:52:19,155 - INFO - app.py - get_gong_lve - 795 - 攻略页面的抓取
2019-02-16 16:52:19,671 - INFO - app.py - get_index - 630 - 主页游记还有头图
2019-02-16 16:54:48,360 - INFO - app.py - get_index - 630 - 主页游记还有头图
2019-02-16 16:54:48,660 - INFO - app.py - get_index - 630 - 主页游记还有头图
2019-02-16 19:12:25,361 - INFO - app.py - get_youji - 685 - 游记内容抓取
2019-02-16 19:43:22,451 - ERROR - app.py - get_youji - 691 - error:'NoneType' object is not subscriptable
2019-02-16 19:47:03,969 - INFO - app.py - get_youji - 685 - 游记内容抓取
2019-02-16 19:47:04,016 - INFO - app.py - get_youji - 685 - 游记内容抓取
2019-02-16 19:48:26,972 - INFO - app.py - get_youji - 685 - 游记内容抓取
2019-02-16 19:49:39,222 - INFO - app.py - get_youji - 685 - 游记内容抓取
2019-02-16 19:49:43,319 - ERROR - app.py - get_youji - 691 - error:cannot unpack non-iterable NoneType object
2019-02-16 19:49:55,426 - ERROR - app.py - get_youji - 691 - error:cannot unpack non-iterable NoneType object
2019-02-16 19:50:06,167 - ERROR - app.py - get_youji - 691 - error:cannot unpack non-iterable NoneType object
2019-02-16 19:50:47,768 - ERROR - app.py - get_youji - 691 - error:cannot unpack non-iterable NoneType object
2019-02-16 19:51:05,812 - ERROR - app.py - get_youji - 691 - error:cannot unpack non-iterable NoneType object
2019-02-16 19:51:26,912 - ERROR - app.py - get_youji - 691 - error:cannot unpack non-iterable NoneType object
2019-02-16 19:53:28,073 - ERROR - app.py - get_youji - 691 - error:cannot unpack non-iterable NoneType object
2019-02-16 19:53:28,081 - ERROR - app.py - get_youji - 691 - error:cannot unpack non-iterable NoneType object
2019-02-16 20:03:14,620 - ERROR - app.py - get_youji - 691 - error:cannot unpack non-iterable NoneType object
2019-02-16 20:13:14,074 - INFO - app.py - get_youji - 685 - 游记内容抓取
2019-02-16 20:15:08,389 - INFO - app.py - get_youji - 685 - 游记内容抓取
2019-02-16 20:19:54,074 - ERROR - app.py - get_youji - 691 - error:can only concatenate str (not "NoneType") to str
2019-02-16 20:20:28,244 - ERROR - app.py - get_youji - 691 - error:can only concatenate str (not "NoneType") to str
2019-02-16 20:24:09,444 - INFO - app.py - get_youji - 685 - 游记内容抓取
2019-02-16 20:24:13,098 - INFO - app.py - get_youji - 685 - 游记内容抓取
2019-02-16 20:25:44,450 - INFO - app.py - get_youji - 685 - 游记内容抓取
2019-02-16 20:28:36,111 - INFO - app.py - get_youji - 685 - 游记内容抓取
2019-02-17 09:20:26,346 - INFO - app.py - get_youji - 693 - 游记内容抓取
2019-02-19 13:50:26,142 - INFO - app.py - wenda - 828 - error:list index out of range
2019-02-19 13:50:31,074 - INFO - app.py - wenda - 828 - error:list index out of range
2019-02-19 14:01:57,606 - INFO - app.py - wenda - 828 - error:'lxml.etree._ElementUnicodeResult' object has no attribute 'stript'
2019-02-20 12:08:47,100 - INFO - app.py - ziyouxing - 819 - message:ziyouxing
2019-02-20 12:08:53,291 - INFO - app.py - get_index - 643 - 主页游记还有头图
2019-02-20 12:09:19,179 - INFO - app.py - get_gong_lve - 806 - 攻略页面的抓取
2019-02-20 12:15:11,619 - INFO - app.py - daka - 620 - None打卡成功
2019-02-20 13:14:37,592 - INFO - app.py - get_gong_lve - 810 - 攻略页面的抓取
2019-02-20 13:20:07,570 - INFO - app.py - get_destination - 789 - 目的地页面的抓取
2019-02-20 13:37:41,530 - INFO - app.py - get_gong_lve - 810 - 攻略页面的抓取
2019-02-20 13:38:35,519 - INFO - app.py - get_destination - 789 - 目的地页面的抓取
2019-02-20 13:39:41,790 - INFO - app.py - get_destination - 789 - 目的地页面的抓取
2019-02-20 13:39:59,793 - INFO - app.py - get_gong_lve - 810 - 攻略页面的抓取
2019-02-20 14:24:40,003 - INFO - app.py - get_gong_lve - 810 - 攻略页面的抓取
2019-02-20 14:25:09,371 - INFO - app.py - get_gong_lve - 810 - 攻略页面的抓取
